2019-06-08 22:23:07,907 ERROR 11552 [-/127.0.0.1/-/11ms GET /user/1234] nodejs.TypeError: Cannot read property 'query' of undefined
    at UserService.find (/Users/chuyan/Desktop/egg-example/app/service/user.js:5:40)
    at UserController.info (/Users/chuyan/Desktop/egg-example/app/controller/user.js:6:49)
    at Object.callFn (/Users/chuyan/Desktop/egg-example/node_modules/egg-core/lib/utils/index.js:44:21)
    at Object.classControllerMiddleware (/Users/chuyan/Desktop/egg-example/node_modules/egg-core/lib/loader/mixin/controller.js:87:20)
    at Object.callFn (/Users/chuyan/Desktop/egg-example/node_modules/@eggjs/router/lib/utils.js:12:21)
    at wrappedController (/Users/chuyan/Desktop/egg-example/node_modules/@eggjs/router/lib/egg_router.js:322:18)
    at dispatch (/Users/chuyan/Desktop/egg-example/node_modules/koa-compose/index.js:44:32)
    at next (/Users/chuyan/Desktop/egg-example/node_modules/koa-compose/index.js:45:18)
    at /Users/chuyan/Desktop/egg-example/node_modules/@eggjs/router/lib/router.js:190:18
    at dispatch (/Users/chuyan/Desktop/egg-example/node_modules/koa-compose/index.js:44:32)

pid: 11552
hostname: wangchuyandeMacBook-Pro.local

2019-06-08 22:24:06,136 ERROR 11552 [-/::1/-/2ms GET /user/1234] nodejs.TypeError: Cannot read property 'query' of undefined
    at UserService.find (/Users/chuyan/Desktop/egg-example/app/service/user.js:5:40)
    at UserController.info (/Users/chuyan/Desktop/egg-example/app/controller/user.js:6:49)
    at Object.callFn (/Users/chuyan/Desktop/egg-example/node_modules/egg-core/lib/utils/index.js:44:21)
    at Object.classControllerMiddleware (/Users/chuyan/Desktop/egg-example/node_modules/egg-core/lib/loader/mixin/controller.js:87:20)
    at Object.callFn (/Users/chuyan/Desktop/egg-example/node_modules/@eggjs/router/lib/utils.js:12:21)
    at wrappedController (/Users/chuyan/Desktop/egg-example/node_modules/@eggjs/router/lib/egg_router.js:322:18)
    at dispatch (/Users/chuyan/Desktop/egg-example/node_modules/koa-compose/index.js:44:32)
    at next (/Users/chuyan/Desktop/egg-example/node_modules/koa-compose/index.js:45:18)
    at /Users/chuyan/Desktop/egg-example/node_modules/@eggjs/router/lib/router.js:190:18
    at dispatch (/Users/chuyan/Desktop/egg-example/node_modules/koa-compose/index.js:44:32)

pid: 11552
hostname: wangchuyandeMacBook-Pro.local

2019-06-08 22:24:20,421 ERROR 11552 [-/127.0.0.1/-/0ms GET /user/1234] nodejs.TypeError: Cannot read property 'query' of undefined
    at UserService.find (/Users/chuyan/Desktop/egg-example/app/service/user.js:5:40)
    at UserController.info (/Users/chuyan/Desktop/egg-example/app/controller/user.js:6:49)
    at Object.callFn (/Users/chuyan/Desktop/egg-example/node_modules/egg-core/lib/utils/index.js:44:21)
    at Object.classControllerMiddleware (/Users/chuyan/Desktop/egg-example/node_modules/egg-core/lib/loader/mixin/controller.js:87:20)
    at Object.callFn (/Users/chuyan/Desktop/egg-example/node_modules/@eggjs/router/lib/utils.js:12:21)
    at wrappedController (/Users/chuyan/Desktop/egg-example/node_modules/@eggjs/router/lib/egg_router.js:322:18)
    at dispatch (/Users/chuyan/Desktop/egg-example/node_modules/koa-compose/index.js:44:32)
    at next (/Users/chuyan/Desktop/egg-example/node_modules/koa-compose/index.js:45:18)
    at /Users/chuyan/Desktop/egg-example/node_modules/@eggjs/router/lib/router.js:190:18
    at dispatch (/Users/chuyan/Desktop/egg-example/node_modules/koa-compose/index.js:44:32)

pid: 11552
hostname: wangchuyandeMacBook-Pro.local

2019-06-08 22:24:22,404 ERROR 11552 [-/127.0.0.1/-/1ms GET /user/1234] nodejs.TypeError: Cannot read property 'query' of undefined
    at UserService.find (/Users/chuyan/Desktop/egg-example/app/service/user.js:5:40)
    at UserController.info (/Users/chuyan/Desktop/egg-example/app/controller/user.js:6:49)
    at Object.callFn (/Users/chuyan/Desktop/egg-example/node_modules/egg-core/lib/utils/index.js:44:21)
    at Object.classControllerMiddleware (/Users/chuyan/Desktop/egg-example/node_modules/egg-core/lib/loader/mixin/controller.js:87:20)
    at Object.callFn (/Users/chuyan/Desktop/egg-example/node_modules/@eggjs/router/lib/utils.js:12:21)
    at wrappedController (/Users/chuyan/Desktop/egg-example/node_modules/@eggjs/router/lib/egg_router.js:322:18)
    at dispatch (/Users/chuyan/Desktop/egg-example/node_modules/koa-compose/index.js:44:32)
    at next (/Users/chuyan/Desktop/egg-example/node_modules/koa-compose/index.js:45:18)
    at /Users/chuyan/Desktop/egg-example/node_modules/@eggjs/router/lib/router.js:190:18
    at dispatch (/Users/chuyan/Desktop/egg-example/node_modules/koa-compose/index.js:44:32)

pid: 11552
hostname: wangchuyandeMacBook-Pro.local

2019-06-08 22:24:25,414 ERROR 11552 [-/127.0.0.1/-/1ms GET /user/1234] nodejs.TypeError: Cannot read property 'query' of undefined
    at UserService.find (/Users/chuyan/Desktop/egg-example/app/service/user.js:5:40)
    at UserController.info (/Users/chuyan/Desktop/egg-example/app/controller/user.js:6:49)
    at Object.callFn (/Users/chuyan/Desktop/egg-example/node_modules/egg-core/lib/utils/index.js:44:21)
    at Object.classControllerMiddleware (/Users/chuyan/Desktop/egg-example/node_modules/egg-core/lib/loader/mixin/controller.js:87:20)
    at Object.callFn (/Users/chuyan/Desktop/egg-example/node_modules/@eggjs/router/lib/utils.js:12:21)
    at wrappedController (/Users/chuyan/Desktop/egg-example/node_modules/@eggjs/router/lib/egg_router.js:322:18)
    at dispatch (/Users/chuyan/Desktop/egg-example/node_modules/koa-compose/index.js:44:32)
    at next (/Users/chuyan/Desktop/egg-example/node_modules/koa-compose/index.js:45:18)
    at /Users/chuyan/Desktop/egg-example/node_modules/@eggjs/router/lib/router.js:190:18
    at dispatch (/Users/chuyan/Desktop/egg-example/node_modules/koa-compose/index.js:44:32)

pid: 11552
hostname: wangchuyandeMacBook-Pro.local

2019-06-08 22:27:53,729 ERROR 11677 [-/127.0.0.1/-/8ms GET /user/1234] nodejs.TypeError: Cannot read property 'query' of undefined
    at UserService.find (/Users/chuyan/Desktop/egg-example/app/service/user.js:5:40)
    at UserController.info (/Users/chuyan/Desktop/egg-example/app/controller/user.js:6:49)
    at Object.callFn (/Users/chuyan/Desktop/egg-example/node_modules/egg-core/lib/utils/index.js:44:21)
    at Object.classControllerMiddleware (/Users/chuyan/Desktop/egg-example/node_modules/egg-core/lib/loader/mixin/controller.js:87:20)
    at Object.callFn (/Users/chuyan/Desktop/egg-example/node_modules/@eggjs/router/lib/utils.js:12:21)
    at wrappedController (/Users/chuyan/Desktop/egg-example/node_modules/@eggjs/router/lib/egg_router.js:322:18)
    at dispatch (/Users/chuyan/Desktop/egg-example/node_modules/koa-compose/index.js:44:32)
    at next (/Users/chuyan/Desktop/egg-example/node_modules/koa-compose/index.js:45:18)
    at /Users/chuyan/Desktop/egg-example/node_modules/@eggjs/router/lib/router.js:190:18
    at dispatch (/Users/chuyan/Desktop/egg-example/node_modules/koa-compose/index.js:44:32)

pid: 11677
hostname: wangchuyandeMacBook-Pro.local

2019-06-09 03:59:02,203 ERROR 11551 nodejs.ClusterClientNoResponseError: client no response in 8395333ms exceeding maxIdleTime 60000ms, maybe the connection is close on other side.
    at Timeout.Leader._heartbeatTimer.setInterval [as _onTimeout] (/Users/chuyan/Desktop/egg-example/node_modules/cluster-client/lib/leader.js:77:23)
    at listOnTimeout (timers.js:324:15)
    at processTimers (timers.js:268:5)
name: "ClusterClientNoResponseError"
pid: 11551
hostname: wangchuyandeMacBook-Pro.local

2019-06-09 05:47:32,671 ERROR 11551 nodejs.ClusterClientNoResponseError: client no response in 6469902ms exceeding maxIdleTime 60000ms, maybe the connection is close on other side.
    at Timeout.Leader._heartbeatTimer.setInterval [as _onTimeout] (/Users/chuyan/Desktop/egg-example/node_modules/cluster-client/lib/leader.js:77:23)
    at listOnTimeout (timers.js:324:15)
    at processTimers (timers.js:268:5)
name: "ClusterClientNoResponseError"
pid: 11551
hostname: wangchuyandeMacBook-Pro.local

2019-06-09 05:58:13,245 ERROR 11551 nodejs.ClusterClientNoResponseError: client no response in 640467ms exceeding maxIdleTime 60000ms, maybe the connection is close on other side.
    at Timeout.Leader._heartbeatTimer.setInterval [as _onTimeout] (/Users/chuyan/Desktop/egg-example/node_modules/cluster-client/lib/leader.js:77:23)
    at listOnTimeout (timers.js:324:15)
    at processTimers (timers.js:268:5)
name: "ClusterClientNoResponseError"
pid: 11551
hostname: wangchuyandeMacBook-Pro.local

2019-06-09 05:59:37,398 ERROR 11551 nodejs.ClusterClientNoResponseError: client no response in 83947ms exceeding maxIdleTime 60000ms, maybe the connection is close on other side.
    at Timeout.Leader._heartbeatTimer.setInterval [as _onTimeout] (/Users/chuyan/Desktop/egg-example/node_modules/cluster-client/lib/leader.js:77:23)
    at listOnTimeout (timers.js:324:15)
    at processTimers (timers.js:268:5)
name: "ClusterClientNoResponseError"
pid: 11551
hostname: wangchuyandeMacBook-Pro.local

2019-06-09 11:11:50,127 ERROR 11551 nodejs.ClusterClientNoResponseError: client no response in 18712656ms exceeding maxIdleTime 60000ms, maybe the connection is close on other side.
    at Timeout.Leader._heartbeatTimer.setInterval [as _onTimeout] (/Users/chuyan/Desktop/egg-example/node_modules/cluster-client/lib/leader.js:77:23)
    at listOnTimeout (timers.js:324:15)
    at processTimers (timers.js:268:5)
name: "ClusterClientNoResponseError"
pid: 11551
hostname: wangchuyandeMacBook-Pro.local

2019-06-09 12:51:22,714 ERROR 11551 nodejs.ClusterClientNoResponseError: client no response in 5972092ms exceeding maxIdleTime 60000ms, maybe the connection is close on other side.
    at Timeout.Leader._heartbeatTimer.setInterval [as _onTimeout] (/Users/chuyan/Desktop/egg-example/node_modules/cluster-client/lib/leader.js:77:23)
    at listOnTimeout (timers.js:324:15)
    at processTimers (timers.js:268:5)
name: "ClusterClientNoResponseError"
pid: 11551
hostname: wangchuyandeMacBook-Pro.local

2019-06-09 12:51:40,298 ERROR 12613 [-/127.0.0.1/-/16ms GET /user/1234] nodejs.TypeError: Cannot read property 'query' of undefined
    at UserService.find (/Users/chuyan/Desktop/egg-example/app/service/user.js:5:40)
    at UserController.info (/Users/chuyan/Desktop/egg-example/app/controller/user.js:6:49)
    at Object.callFn (/Users/chuyan/Desktop/egg-example/node_modules/egg-core/lib/utils/index.js:44:21)
    at Object.classControllerMiddleware (/Users/chuyan/Desktop/egg-example/node_modules/egg-core/lib/loader/mixin/controller.js:87:20)
    at Object.callFn (/Users/chuyan/Desktop/egg-example/node_modules/@eggjs/router/lib/utils.js:12:21)
    at wrappedController (/Users/chuyan/Desktop/egg-example/node_modules/@eggjs/router/lib/egg_router.js:322:18)
    at dispatch (/Users/chuyan/Desktop/egg-example/node_modules/koa-compose/index.js:44:32)
    at next (/Users/chuyan/Desktop/egg-example/node_modules/koa-compose/index.js:45:18)
    at /Users/chuyan/Desktop/egg-example/node_modules/@eggjs/router/lib/router.js:190:18
    at dispatch (/Users/chuyan/Desktop/egg-example/node_modules/koa-compose/index.js:44:32)

pid: 12613
hostname: wangchuyandeMacBook-Pro.local

2019-06-09 12:59:05,368 ERROR 12613 [-/127.0.0.1/-/3ms GET /user/1234] nodejs.TypeError: Cannot read property 'query' of undefined
    at UserService.find (/Users/chuyan/Desktop/egg-example/app/service/user.js:5:40)
    at UserController.info (/Users/chuyan/Desktop/egg-example/app/controller/user.js:6:49)
    at Object.callFn (/Users/chuyan/Desktop/egg-example/node_modules/egg-core/lib/utils/index.js:44:21)
    at Object.classControllerMiddleware (/Users/chuyan/Desktop/egg-example/node_modules/egg-core/lib/loader/mixin/controller.js:87:20)
    at Object.callFn (/Users/chuyan/Desktop/egg-example/node_modules/@eggjs/router/lib/utils.js:12:21)
    at wrappedController (/Users/chuyan/Desktop/egg-example/node_modules/@eggjs/router/lib/egg_router.js:322:18)
    at dispatch (/Users/chuyan/Desktop/egg-example/node_modules/koa-compose/index.js:44:32)
    at next (/Users/chuyan/Desktop/egg-example/node_modules/koa-compose/index.js:45:18)
    at /Users/chuyan/Desktop/egg-example/node_modules/@eggjs/router/lib/router.js:190:18
    at dispatch (/Users/chuyan/Desktop/egg-example/node_modules/koa-compose/index.js:44:32)

pid: 12613
hostname: wangchuyandeMacBook-Pro.local

2019-06-09 13:04:01,515 ERROR 13226 [-/127.0.0.1/-/0ms GET /] nodejs.PROTOCOL_SEQUENCE_TIMEOUTError: Handshake inactivity timeout
    at Handshake.<anonymous> (/Users/chuyan/Desktop/egg-example/node_modules/mysql/lib/protocol/Protocol.js:160:17)
    at Handshake.emit (events.js:182:13)
    at Handshake._onTimeout (/Users/chuyan/Desktop/egg-example/node_modules/mysql/lib/protocol/sequences/Sequence.js:124:8)
    at Timer._onTimeout (/Users/chuyan/Desktop/egg-example/node_modules/mysql/lib/protocol/Timer.js:32:23)
    at listOnTimeout (timers.js:324:15)
    at processTimers (timers.js:268:5)
    --------------------
    at Protocol._enqueue (/Users/chuyan/Desktop/egg-example/node_modules/mysql/lib/protocol/Protocol.js:144:48)
    at Protocol.handshake (/Users/chuyan/Desktop/egg-example/node_modules/mysql/lib/protocol/Protocol.js:51:23)
    at PoolConnection.connect (/Users/chuyan/Desktop/egg-example/node_modules/mysql/lib/Connection.js:119:18)
    at Pool.getConnection (/Users/chuyan/Desktop/egg-example/node_modules/mysql/lib/Pool.js:48:16)
    at /Users/chuyan/Desktop/egg-example/node_modules/ali-rds/node_modules/pify/index.js:29:7
    at new Promise (<anonymous>)
    at Pool.<anonymous> (/Users/chuyan/Desktop/egg-example/node_modules/ali-rds/node_modules/pify/index.js:12:10)
    at Pool.ret [as getConnection] (/Users/chuyan/Desktop/egg-example/node_modules/ali-rds/node_modules/pify/index.js:56:34)
    at Pool.query (/Users/chuyan/Desktop/egg-example/node_modules/mysql/lib/Pool.js:202:8)
    at /Users/chuyan/Desktop/egg-example/node_modules/ali-rds/node_modules/pify/index.js:29:7
    sql: select now() as currentTime;
code: "PROTOCOL_SEQUENCE_TIMEOUT"
fatal: true
timeout: 10000
name: "PROTOCOL_SEQUENCE_TIMEOUTError"
pid: 13226
hostname: wangchuyandeMacBook-Pro.local

