2019-06-08 17:30:12,048 INFO 9307 [egg-schedule]: register schedule /Users/chuyan/Desktop/egg-example/node_modules/egg-multipart/app/schedule/clean_tmpdir.js
2019-06-08 17:30:12,048 INFO 9307 [egg-schedule]: register schedule /Users/chuyan/Desktop/egg-example/node_modules/egg-logrotator/app/schedule/clean_log.js
2019-06-08 17:30:12,048 INFO 9307 [egg-schedule]: register schedule /Users/chuyan/Desktop/egg-example/node_modules/egg-logrotator/app/schedule/rotate_by_file.js
2019-06-08 17:30:12,167 INFO 9307 [Timer] /Users/chuyan/Desktop/egg-example/node_modules/egg-multipart/app/schedule/clean_tmpdir.js next time will execute after 39587836ms at 2019-06-09 04:30:00.003
2019-06-08 17:30:12,167 INFO 9307 [Timer] /Users/chuyan/Desktop/egg-example/node_modules/egg-logrotator/app/schedule/clean_log.js next time will execute after 23387833ms at 2019-06-09 00:00:00.000
2019-06-08 17:30:12,167 INFO 9307 [Timer] /Users/chuyan/Desktop/egg-example/node_modules/egg-logrotator/app/schedule/rotate_by_file.js next time will execute after 23388833ms at 2019-06-09 00:00:01.000
2019-06-08 21:00:49,230 INFO 10823 [egg-schedule]: register schedule /Users/chuyan/Desktop/egg-example/node_modules/egg-multipart/app/schedule/clean_tmpdir.js
2019-06-08 21:00:49,230 INFO 10823 [egg-schedule]: register schedule /Users/chuyan/Desktop/egg-example/node_modules/egg-logrotator/app/schedule/clean_log.js
2019-06-08 21:00:49,230 INFO 10823 [egg-schedule]: register schedule /Users/chuyan/Desktop/egg-example/node_modules/egg-logrotator/app/schedule/rotate_by_file.js
2019-06-08 21:00:49,386 INFO 10822 [Timer] /Users/chuyan/Desktop/egg-example/node_modules/egg-multipart/app/schedule/clean_tmpdir.js next time will execute after 26950618ms at 2019-06-09 04:30:00.004
2019-06-08 21:00:49,386 INFO 10822 [Timer] /Users/chuyan/Desktop/egg-example/node_modules/egg-logrotator/app/schedule/clean_log.js next time will execute after 10750614ms at 2019-06-09 00:00:00.000
2019-06-08 21:00:49,386 INFO 10822 [Timer] /Users/chuyan/Desktop/egg-example/node_modules/egg-logrotator/app/schedule/rotate_by_file.js next time will execute after 10751614ms at 2019-06-09 00:00:01.000
2019-06-08 21:14:08,553 INFO 10929 [Timer] /Users/chuyan/Desktop/egg-example/node_modules/egg-multipart/app/schedule/clean_tmpdir.js next time will execute after 26151449ms at 2019-06-09 04:30:00.002
2019-06-08 21:14:08,554 INFO 10929 [Timer] /Users/chuyan/Desktop/egg-example/node_modules/egg-logrotator/app/schedule/clean_log.js next time will execute after 9951447ms at 2019-06-09 00:00:00.001
2019-06-08 21:14:08,554 INFO 10929 [Timer] /Users/chuyan/Desktop/egg-example/node_modules/egg-logrotator/app/schedule/rotate_by_file.js next time will execute after 9952446ms at 2019-06-09 00:00:01.000
2019-06-08 21:14:08,429 INFO 10930 [egg-schedule]: register schedule /Users/chuyan/Desktop/egg-example/node_modules/egg-multipart/app/schedule/clean_tmpdir.js
2019-06-08 21:14:08,429 INFO 10930 [egg-schedule]: register schedule /Users/chuyan/Desktop/egg-example/node_modules/egg-logrotator/app/schedule/clean_log.js
2019-06-08 21:14:08,429 INFO 10930 [egg-schedule]: register schedule /Users/chuyan/Desktop/egg-example/node_modules/egg-logrotator/app/schedule/rotate_by_file.js
2019-06-08 21:14:36,403 INFO 10934 [egg-schedule]: register schedule /Users/chuyan/Desktop/egg-example/node_modules/egg-multipart/app/schedule/clean_tmpdir.js
2019-06-08 21:14:36,403 INFO 10934 [egg-schedule]: register schedule /Users/chuyan/Desktop/egg-example/node_modules/egg-logrotator/app/schedule/clean_log.js
2019-06-08 21:14:36,403 INFO 10934 [egg-schedule]: register schedule /Users/chuyan/Desktop/egg-example/node_modules/egg-logrotator/app/schedule/rotate_by_file.js
2019-06-08 21:14:43,102 INFO 10941 [Timer] /Users/chuyan/Desktop/egg-example/node_modules/egg-multipart/app/schedule/clean_tmpdir.js next time will execute after 26116900ms at 2019-06-09 04:30:00.002
2019-06-08 21:14:43,102 INFO 10941 [Timer] /Users/chuyan/Desktop/egg-example/node_modules/egg-logrotator/app/schedule/clean_log.js next time will execute after 9916898ms at 2019-06-09 00:00:00.000
2019-06-08 21:14:43,102 INFO 10941 [Timer] /Users/chuyan/Desktop/egg-example/node_modules/egg-logrotator/app/schedule/rotate_by_file.js next time will execute after 9917898ms at 2019-06-09 00:00:01.000
2019-06-08 21:14:43,037 INFO 10942 [egg-schedule]: register schedule /Users/chuyan/Desktop/egg-example/node_modules/egg-multipart/app/schedule/clean_tmpdir.js
2019-06-08 21:14:43,037 INFO 10942 [egg-schedule]: register schedule /Users/chuyan/Desktop/egg-example/node_modules/egg-logrotator/app/schedule/clean_log.js
2019-06-08 21:14:43,037 INFO 10942 [egg-schedule]: register schedule /Users/chuyan/Desktop/egg-example/node_modules/egg-logrotator/app/schedule/rotate_by_file.js
